C:\USERS\MARIO\DESKTOP\CODE\JOINS\DEBUG\JOINS.EXE
C:\USERS\MARIO\DESKTOP\CODE\JOINS\DEBUG\JOINS.ILK
C:\USERS\MARIO\DESKTOP\CODE\JOINS\DEBUG\JOINS.PDB
C:\USERS\MARIO\DESKTOP\CODE\JOINS\JOINS\DEBUG\BLOCKNESTEDLOOPS.OBJ
C:\Users\Mario\Desktop\Code\Joins\Joins\Debug\cl.command.1.tlog
C:\Users\Mario\Desktop\Code\Joins\Joins\Debug\CL.read.1.tlog
C:\Users\Mario\Desktop\Code\Joins\Joins\Debug\CL.write.1.tlog
C:\USERS\MARIO\DESKTOP\CODE\JOINS\JOINS\DEBUG\INDEXNESTEDLOOPS.OBJ
C:\USERS\MARIO\DESKTOP\CODE\JOINS\JOINS\DEBUG\JOIN.OBJ
C:\USERS\MARIO\DESKTOP\CODE\JOINS\JOINS\DEBUG\JOINS.EXE.INTERMEDIATE.MANIFEST
C:\Users\Mario\Desktop\Code\Joins\Joins\Debug\Joins.vcxprojResolveAssemblyReference.cache
C:\Users\Mario\Desktop\Code\Joins\Joins\Debug\Joins.write.1.tlog
C:\USERS\MARIO\DESKTOP\CODE\JOINS\JOINS\DEBUG\JOINTEST.OBJ
C:\Users\Mario\Desktop\Code\Joins\Joins\Debug\link.command.1.tlog
C:\Users\Mario\Desktop\Code\Joins\Joins\Debug\link.read.1.tlog
C:\Users\Mario\Desktop\Code\Joins\Joins\Debug\link.read.2.tlog
C:\Users\Mario\Desktop\Code\Joins\Joins\Debug\link.write.1.tlog
C:\USERS\MARIO\DESKTOP\CODE\JOINS\JOINS\DEBUG\MAIN.OBJ
C:\Users\Mario\Desktop\Code\Joins\Joins\Debug\mt.command.1.tlog
C:\Users\Mario\Desktop\Code\Joins\Joins\Debug\mt.read.1.tlog
C:\Users\Mario\Desktop\Code\Joins\Joins\Debug\mt.write.1.tlog
C:\USERS\MARIO\DESKTOP\CODE\JOINS\JOINS\DEBUG\SORTMERGE.OBJ
C:\USERS\MARIO\DESKTOP\CODE\JOINS\JOINS\DEBUG\TESTSCHEMA.OBJ
C:\USERS\MARIO\DESKTOP\CODE\JOINS\JOINS\DEBUG\TUPLENESTEDLOOPS.OBJ
C:\Users\Mario\Desktop\Code\Joins\Joins\Debug\vc100.idb
C:\USERS\MARIO\DESKTOP\CODE\JOINS\JOINS\DEBUG\VC100.PDB
