Build started 12/2/2014 9:51:10 PM.
     1>Project "C:\Users\Mario\Desktop\Code\Joins\Joins\Joins.vcxproj" on node 2 (build target(s)).
     1>InitializeBuildStatus:
         Creating "Debug\Joins.unsuccessfulbuild" because "AlwaysCreate" was specified.
       ClCompile:
         C:\Program Files (x86)\Microsoft Visual Studio 10.0\VC\bin\CL.exe /c /Iinclude /ZI /nologo /W3 /WX- /Od /Oy- /D _MBCS /Gm /EHsc /RTC1 /MDd /GS /fp:precise /Zc:wchar_t /Zc:forScope /Fo"Debug\\" /Fd"Debug\vc100.pdb" /Gd /TP /analyze- /errorReport:prompt src\BlockNestedLoops.cpp
         BlockNestedLoops.cpp
     1>c:\users\mario\desktop\code\joins\joins\src\blocknestedloops.cpp(82): warning C4018: '<' : signed/unsigned mismatch
       Link:
         C:\Program Files (x86)\Microsoft Visual Studio 10.0\VC\bin\link.exe /ERRORREPORT:PROMPT /OUT:"C:\Users\Mario\Desktop\Code\Joins\Debug\Joins.exe" /NOLOGO /LIBPATH:lib "B+ Tree.lib" BufferManager.lib SpaceManager.lib GlobalDefs.lib /MANIFEST /ManifestFile:"Debug\Joins.exe.intermediate.manifest" /MANIFESTUAC:"level='asInvoker' uiAccess='false'" /DEBUG /PDB:"C:\Users\Mario\Desktop\Code\Joins\Debug\Joins.pdb" /TLBID:1 /DYNAMICBASE /NXCOMPAT /IMPLIB:"C:\Users\Mario\Desktop\Code\Joins\Debug\Joins.lib" /MACHINE:X86 Debug\BlockNestedLoops.obj
         Debug\IndexNestedLoops.obj
         Debug\join.obj
         Debug\JoinTest.obj
         Debug\main.obj
         Debug\TestSchema.obj
         Debug\SortMerge.obj
         Debug\TupleNestedLoops.obj
         LINK : C:\Users\Mario\Desktop\Code\Joins\Debug\Joins.exe not found or not built by the last incremental link; performing full link
     1>B+ Tree.lib(BTreeFile.obj) : warning LNK4099: PDB 'vc100.pdb' was not found with 'B+ Tree.lib(BTreeFile.obj)' or at 'C:\Users\Mario\Desktop\Code\Joins\Debug\vc100.pdb'; linking object as if no debug info
     1>B+ Tree.lib(BTreeFileScan.obj) : warning LNK4099: PDB 'vc100.pdb' was not found with 'B+ Tree.lib(BTreeFileScan.obj)' or at 'C:\Users\Mario\Desktop\Code\Joins\Debug\vc100.pdb'; linking object as if no debug info
     1>B+ Tree.lib(ResizableRecordPage.obj) : warning LNK4099: PDB 'vc100.pdb' was not found with 'B+ Tree.lib(ResizableRecordPage.obj)' or at 'C:\Users\Mario\Desktop\Code\Joins\Debug\vc100.pdb'; linking object as if no debug info
     1>BufferManager.lib(bufmgr.obj) : warning LNK4099: PDB 'vc100.pdb' was not found with 'BufferManager.lib(bufmgr.obj)' or at 'C:\Users\Mario\Desktop\Code\Joins\Debug\vc100.pdb'; linking object as if no debug info
     1>BufferManager.lib(clockframe.obj) : warning LNK4099: PDB 'vc100.pdb' was not found with 'BufferManager.lib(clockframe.obj)' or at 'C:\Users\Mario\Desktop\Code\Joins\Debug\vc100.pdb'; linking object as if no debug info
     1>BufferManager.lib(frame.obj) : warning LNK4099: PDB 'vc100.pdb' was not found with 'BufferManager.lib(frame.obj)' or at 'C:\Users\Mario\Desktop\Code\Joins\Debug\vc100.pdb'; linking object as if no debug info
     1>BufferManager.lib(hash.obj) : warning LNK4099: PDB 'vc100.pdb' was not found with 'BufferManager.lib(hash.obj)' or at 'C:\Users\Mario\Desktop\Code\Joins\Debug\vc100.pdb'; linking object as if no debug info
     1>BufferManager.lib(replacer.obj) : warning LNK4099: PDB 'vc100.pdb' was not found with 'BufferManager.lib(replacer.obj)' or at 'C:\Users\Mario\Desktop\Code\Joins\Debug\vc100.pdb'; linking object as if no debug info
     1>SpaceManager.lib(db.obj) : warning LNK4099: PDB 'vc100.pdb' was not found with 'SpaceManager.lib(db.obj)' or at 'C:\Users\Mario\Desktop\Code\Joins\Debug\vc100.pdb'; linking object as if no debug info
     1>SpaceManager.lib(dirpage.obj) : warning LNK4099: PDB 'vc100.pdb' was not found with 'SpaceManager.lib(dirpage.obj)' or at 'C:\Users\Mario\Desktop\Code\Joins\Debug\vc100.pdb'; linking object as if no debug info
     1>SpaceManager.lib(heapfile.obj) : warning LNK4099: PDB 'vc100.pdb' was not found with 'SpaceManager.lib(heapfile.obj)' or at 'C:\Users\Mario\Desktop\Code\Joins\Debug\vc100.pdb'; linking object as if no debug info
     1>SpaceManager.lib(heappage.obj) : warning LNK4099: PDB 'vc100.pdb' was not found with 'SpaceManager.lib(heappage.obj)' or at 'C:\Users\Mario\Desktop\Code\Joins\Debug\vc100.pdb'; linking object as if no debug info
     1>SpaceManager.lib(page.obj) : warning LNK4099: PDB 'vc100.pdb' was not found with 'SpaceManager.lib(page.obj)' or at 'C:\Users\Mario\Desktop\Code\Joins\Debug\vc100.pdb'; linking object as if no debug info
     1>SpaceManager.lib(scan.obj) : warning LNK4099: PDB 'vc100.pdb' was not found with 'SpaceManager.lib(scan.obj)' or at 'C:\Users\Mario\Desktop\Code\Joins\Debug\vc100.pdb'; linking object as if no debug info
     1>GlobalDefs.lib(new_error.obj) : warning LNK4099: PDB 'vc100.pdb' was not found with 'GlobalDefs.lib(new_error.obj)' or at 'C:\Users\Mario\Desktop\Code\Joins\Debug\vc100.pdb'; linking object as if no debug info
     1>GlobalDefs.lib(system_defs.obj) : warning LNK4099: PDB 'vc100.pdb' was not found with 'GlobalDefs.lib(system_defs.obj)' or at 'C:\Users\Mario\Desktop\Code\Joins\Debug\vc100.pdb'; linking object as if no debug info
         Joins.vcxproj -> C:\Users\Mario\Desktop\Code\Joins\Debug\Joins.exe
       Manifest:
         C:\Program Files (x86)\Microsoft SDKs\Windows\v7.0A\bin\mt.exe /nologo /verbose /outputresource:"C:\Users\Mario\Desktop\Code\Joins\Debug\Joins.exe;#1" /manifest Debug\Joins.exe.intermediate.manifest
       FinalizeBuildStatus:
         Deleting file "Debug\Joins.unsuccessfulbuild".
         Touching "Debug\Joins.lastbuildstate".
     1>Done Building Project "C:\Users\Mario\Desktop\Code\Joins\Joins\Joins.vcxproj" (build target(s)).

Build succeeded.

Time Elapsed 00:00:00.58
